# JRE version: Java(TM) SE Runtime Environment (13.0.1+9) (build 13.0.1+9)
# Java VM: Java HotSpot(TM) 64-Bit Server VM (13.0.1+9, mixed mode, sharing, tiered, compressed oops, g1 gc, windows-amd64)
Heap:
 garbage-first heap   total 89088K, used 51138K [0x0000000740a00000, 0x0000000800000000)
  region size 1024K, 27 young (27648K), 4 survivors (4096K)
 Metaspace       used 51966K, capacity 53494K, committed 53708K, reserved 1095680K
  class space    used 6781K, capacity 7404K, committed 7424K, reserved 1048576K
GC Heap History (20 events):
Event: 5.144 GC heap before
{Heap before GC invocations=9 (full 0):
 garbage-first heap   total 61440K, used 41170K [0x0000000740a00000, 0x0000000800000000)
  region size 1024K, 29 young (29696K), 5 survivors (5120K)
 Metaspace       used 25479K, capacity 26562K, committed 26624K, reserved 1073152K
  class space    used 3396K, capacity 3807K, committed 3840K, reserved 1048576K
}
Event: 5.153 GC heap after
{Heap after GC invocations=10 (full 0):
 garbage-first heap   total 61440K, used 18537K [0x0000000740a00000, 0x0000000800000000)
  region size 1024K, 3 young (3072K), 3 survivors (3072K)
 Metaspace       used 25479K, capacity 26562K, committed 26624K, reserved 1073152K
  class space    used 3396K, capacity 3807K, committed 3840K, reserved 1048576K
}
Event: 5.159 GC heap before
{Heap before GC invocations=10 (full 0):
 garbage-first heap   total 61440K, used 43113K [0x0000000740a00000, 0x0000000800000000)
  region size 1024K, 28 young (28672K), 3 survivors (3072K)
 Metaspace       used 25479K, capacity 26562K, committed 26624K, reserved 1073152K
  class space    used 3396K, capacity 3807K, committed 3840K, reserved 1048576K
}
Event: 5.165 GC heap after
{Heap after GC invocations=11 (full 0):
 garbage-first heap   total 73728K, used 19022K [0x0000000740a00000, 0x0000000800000000)
  region size 1024K, 2 young (2048K), 2 survivors (2048K)
 Metaspace       used 25479K, capacity 26562K, committed 26624K, reserved 1073152K
  class space    used 3396K, capacity 3807K, committed 3840K, reserved 1048576K
}
Event: 5.511 GC heap before
{Heap before GC invocations=11 (full 0):
 garbage-first heap   total 73728K, used 51790K [0x0000000740a00000, 0x0000000800000000)
  region size 1024K, 35 young (35840K), 2 survivors (2048K)
 Metaspace       used 26470K, capacity 27653K, committed 27904K, reserved 1073152K
  class space    used 3535K, capacity 3999K, committed 4096K, reserved 1048576K
}
Event: 5.513 GC heap after
{Heap after GC invocations=12 (full 0):
 garbage-first heap   total 73728K, used 19265K [0x0000000740a00000, 0x0000000800000000)
  region size 1024K, 2 young (2048K), 2 survivors (2048K)
 Metaspace       used 26470K, capacity 27653K, committed 27904K, reserved 1073152K
  class space    used 3535K, capacity 3999K, committed 4096K, reserved 1048576K
}
Event: 6.105 GC heap before
{Heap before GC invocations=12 (full 0):
 garbage-first heap   total 73728K, used 54081K [0x0000000740a00000, 0x0000000800000000)
  region size 1024K, 36 young (36864K), 2 survivors (2048K)
 Metaspace       used 32400K, capacity 33550K, committed 33792K, reserved 1079296K
  class space    used 4285K, capacity 4746K, committed 4864K, reserved 1048576K
}
Event: 6.109 GC heap after
{Heap after GC invocations=13 (full 0):
 garbage-first heap   total 73728K, used 21951K [0x0000000740a00000, 0x0000000800000000)
  region size 1024K, 5 young (5120K), 5 survivors (5120K)
 Metaspace       used 32400K, capacity 33550K, committed 33792K, reserved 1079296K
  class space    used 4285K, capacity 4746K, committed 4864K, reserved 1048576K
}
Event: 6.341 GC heap before
{Heap before GC invocations=13 (full 0):
 garbage-first heap   total 73728K, used 32191K [0x0000000740a00000, 0x0000000800000000)
  region size 1024K, 16 young (16384K), 5 survivors (5120K)
 Metaspace       used 34655K, capacity 35723K, committed 35840K, reserved 1079296K
  class space    used 4675K, capacity 5108K, committed 5120K, reserved 1048576K
}
Event: 6.346 GC heap after
{Heap after GC invocations=14 (full 0):
 garbage-first heap   total 73728K, used 22868K [0x0000000740a00000, 0x0000000800000000)
  region size 1024K, 1 young (1024K), 1 survivors (1024K)
 Metaspace       used 34655K, capacity 35723K, committed 35840K, reserved 1079296K
  class space    used 4675K, capacity 5108K, committed 5120K, reserved 1048576K
}
Event: 6.781 GC heap before
{Heap before GC invocations=15 (full 0):
 garbage-first heap   total 73728K, used 53588K [0x0000000740a00000, 0x0000000800000000)
  region size 1024K, 31 young (31744K), 1 survivors (1024K)
 Metaspace       used 39927K, capacity 41105K, committed 41420K, reserved 1085440K
  class space    used 5352K, capacity 5816K, committed 5888K, reserved 1048576K
}
Event: 6.785 GC heap after
{Heap after GC invocations=16 (full 0):
 garbage-first heap   total 73728K, used 23706K [0x0000000740a00000, 0x0000000800000000)
  region size 1024K, 2 young (2048K), 2 survivors (2048K)
 Metaspace       used 39927K, capacity 41105K, committed 41420K, reserved 1085440K
  class space    used 5352K, capacity 5816K, committed 5888K, reserved 1048576K
}
Event: 6.998 GC heap before
{Heap before GC invocations=17 (full 0):
 garbage-first heap   total 73728K, used 54426K [0x0000000740a00000, 0x0000000800000000)
  region size 1024K, 32 young (32768K), 2 survivors (2048K)
 Metaspace       used 40685K, capacity 41854K, committed 42060K, reserved 1085440K
  class space    used 5429K, capacity 5891K, committed 6016K, reserved 1048576K
}
Event: 7.001 GC heap after
{Heap after GC invocations=18 (full 0):
 garbage-first heap   total 73728K, used 24690K [0x0000000740a00000, 0x0000000800000000)
  region size 1024K, 3 young (3072K), 3 survivors (3072K)
 Metaspace       used 40685K, capacity 41854K, committed 42060K, reserved 1085440K
  class space    used 5429K, capacity 5891K, committed 6016K, reserved 1048576K
}
Event: 7.212 GC heap before
{Heap before GC invocations=18 (full 0):
 garbage-first heap   total 73728K, used 55410K [0x0000000740a00000, 0x0000000800000000)
  region size 1024K, 33 young (33792K), 3 survivors (3072K)
 Metaspace       used 41554K, capacity 42732K, committed 42828K, reserved 1085440K
  class space    used 5545K, capacity 6011K, committed 6016K, reserved 1048576K
}
Event: 7.216 GC heap after
{Heap after GC invocations=19 (full 0):
 garbage-first heap   total 73728K, used 25741K [0x0000000740a00000, 0x0000000800000000)
  region size 1024K, 4 young (4096K), 4 survivors (4096K)
 Metaspace       used 41554K, capacity 42732K, committed 42828K, reserved 1085440K
  class space    used 5545K, capacity 6011K, committed 6016K, reserved 1048576K
}
Event: 7.617 GC heap before
{Heap before GC invocations=19 (full 0):
 garbage-first heap   total 73728K, used 56461K [0x0000000740a00000, 0x0000000800000000)
  region size 1024K, 34 young (34816K), 4 survivors (4096K)
 Metaspace       used 44986K, capacity 46382K, committed 46540K, reserved 1089536K
  class space    used 6003K, capacity 6550K, committed 6656K, reserved 1048576K
}
Event: 7.622 GC heap after
{Heap after GC invocations=20 (full 0):
 garbage-first heap   total 89088K, used 27753K [0x0000000740a00000, 0x0000000800000000)
  region size 1024K, 4 young (4096K), 4 survivors (4096K)
 Metaspace       used 44986K, capacity 46382K, committed 46540K, reserved 1089536K
  class space    used 6003K, capacity 6550K, committed 6656K, reserved 1048576K
}
Event: 16.840 GC heap before
{Heap before GC invocations=20 (full 0):
 garbage-first heap   total 89088K, used 63593K [0x0000000740a00000, 0x0000000800000000)
  region size 1024K, 40 young (40960K), 4 survivors (4096K)
 Metaspace       used 48929K, capacity 50446K, committed 50636K, reserved 1093632K
  class space    used 6466K, capacity 7052K, committed 7168K, reserved 1048576K
}
Event: 16.847 GC heap after
{Heap after GC invocations=21 (full 0):
 garbage-first heap   total 89088K, used 29634K [0x0000000740a00000, 0x0000000800000000)
  region size 1024K, 4 young (4096K), 4 survivors (4096K)
 Metaspace       used 48929K, capacity 50446K, committed 50636K, reserved 1093632K
  class space    used 6466K, capacity 7052K, committed 7168K, reserved 1048576K
}

